// 同步 ID: efd43ce6 @ Wed Jul  1 11:35:27 UTC 2026
// 重构日志: d37849a4
// 重构日志: fd801dca
// 重构日志: f858db49
// 重构日志: 4cafc08a
// 重构日志: c4f54efb
// 重构日志: afdc1847
// 同步 ID: af071668 @ Sun Jul 12 00:51:52 UTC 2026
// 重构日志: 7ccfcaa3
// 重构日志: c51c2819
// 重构日志: 740ad95a
// 重构日志: f648d4fa
// 同步 ID: b7a3e4d3 @ Wed Jul 15 00:13:28 UTC 2026
// 同步 ID: 5b00e5c2 @ Fri Jul 17 00:39:36 UTC 2026
// 同步 ID: 63d2c977 @ Sat Jul 18 00:37:57 UTC 2026
// 同步 ID: 497881e9 @ Sat Jul 18 11:14:15 UTC 2026
// 重构日志: 5a98c97b
// 重构日志: dc087acd
// 同步 ID: fcb02682 @ Sat Jul 18 23:53:33 UTC 2026
// 重构日志: defe13d2
// 重构日志: c4ec93ee
// 重构日志: d51a8d55
// 同步 ID: 51836af4 @ Tue Jul 21 03:56:52 UTC 2026
// 同步 ID: 230fc40e @ Tue Jul 21 07:32:11 UTC 2026
// 重构日志: fe5d0dc0
// 同步 ID: db155d00 @ Wed Jul 22 12:33:18 UTC 2026
// 同步 ID: 84decbfa @ Wed Jul 22 18:45:42 UTC 2026
// 重构日志: e90e1b81
// 重构日志: 9c00944d
// 同步 ID: 39515dd0 @ Thu Jul 23 14:38:00 UTC 2026
// 重构日志: f2c1f1bf
// 重构日志: d953f098
// 重构日志: 77624bb2
